<?xml version="1.0" encoding="UTF-8"?>
<!-- Generated by org.testng.reporters.JUnitReportReporter -->
<testsuite hostname="LAPTOP-DUFROD3O" failures="0" tests="1" name="test_testng.Testng_test2" time="22.709" errors="0" timestamp="2022-11-30T16:25:50 IST" skipped="0">
  <testcase classname="test_testng.Testng_test2" name="Test01" time="22.709"/>
  <system-out/>
</testsuite> <!-- test_testng.Testng_test2 -->
