<?xml version="1.0" encoding="UTF-8"?>
<!-- Generated by org.testng.reporters.JUnitReportReporter -->
<testsuite hostname="LAPTOP-DUFROD3O" failures="0" tests="2" name="test_testng.Test_es1" time="23.537" errors="0" timestamp="2022-12-01T18:14:34 IST" skipped="0">
  <testcase classname="test_testng.Test_es1" name="TestCE1" time="11.910"/>
  <system-out/>
  <testcase classname="test_testng.Test_es1" name="TestCE1" time="11.627"/>
  <system-out/>
</testsuite> <!-- test_testng.Test_es1 -->
