<?xml version="1.0" encoding="UTF-8"?>
<!-- Generated by org.testng.reporters.JUnitReportReporter -->
<testsuite hostname="LAPTOP-DUFROD3O" failures="0" tests="1" name="test_testng.Testng01" time="0.011" errors="0" timestamp="2022-11-26T11:58:59 IST" skipped="0">
  <testcase classname="test_testng.Testng01" name="test" time="0.011"/>
  <system-out/>
</testsuite> <!-- test_testng.Testng01 -->
