<?xml version="1.0" encoding="UTF-8"?>
<!-- Generated by org.testng.reporters.JUnitReportReporter -->
<testsuite hostname="LAPTOP-DUFROD3O" failures="0" tests="1" name="test_testng.Test_fb1" time="28.537" errors="0" timestamp="2022-12-01T17:50:11 IST" skipped="0">
  <testcase classname="test_testng.Test_fb1" name="TestCase01" time="28.537"/>
  <system-out/>
</testsuite> <!-- test_testng.Test_fb1 -->
